#
# A fatal error has been detected by the Java Runtime Environment:
#
#  Internal Error (t:/workspace/open/src/hotspot/share/oops/generateOopMap.cpp:2162), pid=8504, tid=11240
#  fatal error: Illegal class file encountered. Try running with -Xverify:all in method getPatients
#
# JRE version: Java(TM) SE Runtime Environment (10.0.2+13) (build 10.0.2+13)
# Java VM: Java HotSpot(TM) 64-Bit Server VM (10.0.2+13, mixed mode, tiered, compressed oops, g1 gc, windows-amd64)
# No core dump will be written. Minidumps are not enabled by default on client versions of Windows
#
# If you would like to submit a bug report, please visit:
#   http://bugreport.java.com/bugreport/crash.jsp
#

---------------  S U M M A R Y ------------

Command Line: -agentlib:jdwp=transport=dt_socket,address=127.0.0.1:56517,suspend=y,server=n -javaagent:C:\Users\vinze\.IntelliJIdea2018.2\system\captureAgent\debugger-agent.jar=file:/C:/Users/vinze/AppData/Local/Temp/capture.props -Dfile.encoding=UTF-8 at.spengergasse.hbgm.App

Host: Intel(R) Core(TM) i7-6700HQ CPU @ 2.60GHz, 8 cores, 15G,  Windows 10 , 64 bit Build 17134 (10.0.17134.1)
Time: Tue Oct 16 20:56:37 2018 Mitteleuropäische Sommerzeit elapsed time: 2140 seconds (0d 0h 35m 40s)

---------------  T H R E A D  ---------------

Current thread (0x00000215cf938000):  VMThread "VM Thread" [stack: 0x0000009dd9600000,0x0000009dd9700000] [id=11240]

Stack: [0x0000009dd9600000,0x0000009dd9700000]
[error occurred during error reporting (printing stack bounds), id 0xe0000000]

Native frames: (J=compiled Java code, j=interpreted, Vv=VM code, C=native code)
V  [jvm.dll+0x5a01a9]
V  [jvm.dll+0x6bcf31]
V  [jvm.dll+0x6be126]
V  [jvm.dll+0x6be715]
V  [jvm.dll+0x6be6cb]
V  [jvm.dll+0x59f993]
V  [jvm.dll+0x59fda8]
C  [ntdll.dll+0x9ed2d]
C  [ntdll.dll+0x6c86]
C  [ntdll.dll+0x9dc5e]
C  0x00000215b3a70ead

VM_Operation (0x0000009dda0ff540): GetOrSetLocal, mode: safepoint, requested by thread 0x00000215cff1c800


---------------  P R O C E S S  ---------------

Threads class SMR info:
_java_thread_list=0x00000215cffd6450, length=15, elements={
0x00000215a86e3000, 0x00000215cf93d800, 0x00000215cf94e800, 0x00000215cf99d800,
0x00000215cf99e000, 0x00000215cf9a5000, 0x00000215cf9a5800, 0x00000215cf9a6800,
0x00000215cf9a7800, 0x00000215cf9ab800, 0x00000215cff1c800, 0x00000215d0019800,
0x00000215d001a800, 0x00000215d012b800, 0x00000215d01d5000
}

Java Threads: ( => current thread )
  0x00000215a86e3000 JavaThread "main" [_thread_blocked, id=11372, stack(0x0000009dd8100000,0x0000009dd8200000)]
  0x00000215cf93d800 JavaThread "Reference Handler" daemon [_thread_blocked, id=1256, stack(0x0000009dd9700000,0x0000009dd9800000)]
  0x00000215cf94e800 JavaThread "Finalizer" daemon [_thread_blocked, id=4004, stack(0x0000009dd9800000,0x0000009dd9900000)]
  0x00000215cf99d800 JavaThread "Signal Dispatcher" daemon [_thread_blocked, id=9192, stack(0x0000009dd9900000,0x0000009dd9a00000)]
  0x00000215cf99e000 JavaThread "Attach Listener" daemon [_thread_blocked, id=13032, stack(0x0000009dd9a00000,0x0000009dd9b00000)]
  0x00000215cf9a5000 JavaThread "C2 CompilerThread0" daemon [_thread_blocked, id=8936, stack(0x0000009dd9b00000,0x0000009dd9c00000)]
  0x00000215cf9a5800 JavaThread "C2 CompilerThread1" daemon [_thread_blocked, id=13036, stack(0x0000009dd9c00000,0x0000009dd9d00000)]
  0x00000215cf9a6800 JavaThread "C2 CompilerThread2" daemon [_thread_blocked, id=13616, stack(0x0000009dd9d00000,0x0000009dd9e00000)]
  0x00000215cf9a7800 JavaThread "C1 CompilerThread3" daemon [_thread_blocked, id=15252, stack(0x0000009dd9e00000,0x0000009dd9f00000)]
  0x00000215cf9ab800 JavaThread "Sweeper thread" daemon [_thread_blocked, id=13284, stack(0x0000009dd9f00000,0x0000009dda000000)]
  0x00000215cff1c800 JavaThread "JDWP Transport Listener: dt_socket" daemon [_thread_blocked, id=16064, stack(0x0000009dda000000,0x0000009dda100000)] _threads_hazard_ptr=0x00000215cffd6450
  0x00000215d0019800 JavaThread "JDWP Event Helper Thread" daemon [_thread_blocked, id=8288, stack(0x0000009dda100000,0x0000009dda200000)]
  0x00000215d001a800 JavaThread "JDWP Command Reader" daemon [_thread_in_native, id=14800, stack(0x0000009dda200000,0x0000009dda300000)]
  0x00000215d012b800 JavaThread "Common-Cleaner" daemon [_thread_blocked, id=18204, stack(0x0000009dda300000,0x0000009dda400000)]
  0x00000215d01d5000 JavaThread "Service Thread" daemon [_thread_blocked, id=5160, stack(0x0000009dda400000,0x0000009dda500000)]

Other Threads:
=>0x00000215cf938000 VMThread "VM Thread" [stack: 0x0000009dd9600000,0x0000009dd9700000] [id=11240]
  0x00000215d0198800 WatcherThread [stack: 0x0000009dda500000,0x0000009dda600000] [id=7384]
  0x00000215a86fe800 GCTaskThread "GC Thread#0" [stack: 0x0000009dd8200000,0x0000009dd8300000] [id=13484]
  0x00000215a86ff800 GCTaskThread "GC Thread#1" [stack: 0x0000009dd8300000,0x0000009dd8400000] [id=11096]
  0x00000215a8702000 GCTaskThread "GC Thread#2" [stack: 0x0000009dd8400000,0x0000009dd8500000] [id=1696]
  0x00000215a8704800 GCTaskThread "GC Thread#3" [stack: 0x0000009dd8500000,0x0000009dd8600000] [id=10508]
  0x00000215a8707800 GCTaskThread "GC Thread#4" [stack: 0x0000009dd8600000,0x0000009dd8700000] [id=12984]
  0x00000215a870a000 GCTaskThread "GC Thread#5" [stack: 0x0000009dd8700000,0x0000009dd8800000] [id=7128]
  0x00000215a870c000 GCTaskThread "GC Thread#6" [stack: 0x0000009dd8800000,0x0000009dd8900000] [id=10888]
  0x00000215a8712000 GCTaskThread "GC Thread#7" [stack: 0x0000009dd8900000,0x0000009dd8a00000] [id=14640]
  0x00000215a8764000 ConcurrentGCThread "G1 Main Marker" [stack: 0x0000009dd8a00000,0x0000009dd8b00000] [id=17148]
  0x00000215a8765000 ConcurrentGCThread "G1 Conc#0" [stack: 0x0000009dd8b00000,0x0000009dd8c00000] [id=5412]
  0x00000215a876f800 ConcurrentGCThread "G1 Conc#1" [stack: 0x0000009dd8c00000,0x0000009dd8d00000] [id=16960]
  0x00000215a87be800 ConcurrentGCThread "G1 Refine#0" [stack: 0x0000009dd8d00000,0x0000009dd8e00000] [id=7552]
  0x00000215cc61a000 ConcurrentGCThread "G1 Refine#1" [stack: 0x0000009dd8e00000,0x0000009dd8f00000] [id=17436]
  0x00000215cc61b000 ConcurrentGCThread "G1 Refine#2" [stack: 0x0000009dd8f00000,0x0000009dd9000000] [id=8624]
  0x00000215cc61f000 ConcurrentGCThread "G1 Refine#3" [stack: 0x0000009dd9000000,0x0000009dd9100000] [id=17984]
  0x00000215cc628000 ConcurrentGCThread "G1 Refine#4" [stack: 0x0000009dd9100000,0x0000009dd9200000] [id=7220]
  0x00000215cc62c000 ConcurrentGCThread "G1 Refine#5" [stack: 0x0000009dd9200000,0x0000009dd9300000] [id=7424]
  0x00000215cc62f000 ConcurrentGCThread "G1 Refine#6" [stack: 0x0000009dd9300000,0x0000009dd9400000] [id=6496]
  0x00000215cc62e000 ConcurrentGCThread "G1 Refine#7" [stack: 0x0000009dd9400000,0x0000009dd9500000] [id=4188]
  0x00000215cc635000 ConcurrentGCThread "G1 Young RemSet Sampling" [stack: 0x0000009dd9500000,0x0000009dd9600000] [id=10604]

Threads with active compile tasks:

VM state:at safepoint (normal execution)

VM Mutex/Monitor currently owned by a thread:  ([mutex/lock_event])
[0x00000215a86e1fa0] Threads_lock - owner thread: 0x00000215cf938000

Heap address: 0x00000006c1a00000, size: 4070 MB, Compressed Oops mode: Zero based, Oop shift amount: 3
Narrow klass base: 0x0000000000000000, Narrow klass shift: 3
Compressed class space size: 1073741824 Address: 0x00000007c0000000

Heap:
 garbage-first heap   total 262144K, used 10240K [0x00000006c1a00000, 0x00000007c0000000)
  region size 1024K, 9 young (9216K), 0 survivors (0K)
 Metaspace       used 7685K, capacity 7773K, committed 7936K, reserved 1056768K
  class space    used 645K, capacity 670K, committed 768K, reserved 1048576K
Heap Regions: E=young(eden), S=young(survivor), O=old, HS=humongous(starts), HC=humongous(continues), CS=collection set, F=free, A=archive, TS=gc time stamp, AC=allocation context, TAMS=top-at-mark-start (previous, next)
|   0|0x00000006c1a00000, 0x00000006c1b00000, 0x00000006c1b00000|100%|HS|  |TS  0|AC  0|TAMS 0x00000006c1a00000, 0x00000006c1a00000|
|   1|0x00000006c1b00000, 0x00000006c1c00000, 0x00000006c1c00000|100%|HS|  |TS  0|AC  0|TAMS 0x00000006c1b00000, 0x00000006c1b00000|
|   2|0x00000006c1c00000, 0x00000006c1c00000, 0x00000006c1d00000|  0%| F|  |TS  0|AC  0|TAMS 0x00000006c1c00000, 0x00000006c1c00000|
|   3|0x00000006c1d00000, 0x00000006c1d00000, 0x00000006c1e00000|  0%| F|  |TS  0|AC  0|TAMS 0x00000006c1d00000, 0x00000006c1d00000|
|   4|0x00000006c1e00000, 0x00000006c1e00000, 0x00000006c1f00000|  0%| F|  |TS  0|AC  0|TAMS 0x00000006c1e00000, 0x00000006c1e00000|
|   5|0x00000006c1f00000, 0x00000006c1f00000, 0x00000006c2000000|  0%| F|  |TS  0|AC  0|TAMS 0x00000006c1f00000, 0x00000006c1f00000|
|   6|0x00000006c2000000, 0x00000006c2000000, 0x00000006c2100000|  0%| F|  |TS  0|AC  0|TAMS 0x00000006c2000000, 0x00000006c2000000|
|   7|0x00000006c2100000, 0x00000006c2100000, 0x00000006c2200000|  0%| F|  |TS  0|AC  0|TAMS 0x00000006c2100000, 0x00000006c2100000|
|   8|0x00000006c2200000, 0x00000006c2200000, 0x00000006c2300000|  0%| F|  |TS  0|AC  0|TAMS 0x00000006c2200000, 0x00000006c2200000|
|   9|0x00000006c2300000, 0x00000006c2300000, 0x00000006c2400000|  0%| F|  |TS  0|AC  0|TAMS 0x00000006c2300000, 0x00000006c2300000|
|  10|0x00000006c2400000, 0x00000006c2400000, 0x00000006c2500000|  0%| F|  |TS  0|AC  0|TAMS 0x00000006c2400000, 0x00000006c2400000|
|  11|0x00000006c2500000, 0x00000006c2500000, 0x00000006c2600000|  0%| F|  |TS  0|AC  0|TAMS 0x00000006c2500000, 0x00000006c2500000|
|  12|0x00000006c2600000, 0x00000006c2600000, 0x00000006c2700000|  0%| F|  |TS  0|AC  0|TAMS 0x00000006c2600000, 0x00000006c2600000|
|  13|0x00000006c2700000, 0x00000006c2700000, 0x00000006c2800000|  0%| F|  |TS  0|AC  0|TAMS 0x00000006c2700000, 0x00000006c2700000|
|  14|0x00000006c2800000, 0x00000006c2800000, 0x00000006c2900000|  0%| F|  |TS  0|AC  0|TAMS 0x00000006c2800000, 0x00000006c2800000|
|  15|0x00000006c2900000, 0x00000006c2900000, 0x00000006c2a00000|  0%| F|  |TS  0|AC  0|TAMS 0x00000006c2900000, 0x00000006c2900000|
|  16|0x00000006c2a00000, 0x00000006c2a00000, 0x00000006c2b00000|  0%| F|  |TS  0|AC  0|TAMS 0x00000006c2a00000, 0x00000006c2a00000|
|  17|0x00000006c2b00000, 0x00000006c2b00000, 0x00000006c2c00000|  0%| F|  |TS  0|AC  0|TAMS 0x00000006c2b00000, 0x00000006c2b00000|
|  18|0x00000006c2c00000, 0x00000006c2c00000, 0x00000006c2d00000|  0%| F|  |TS  0|AC  0|TAMS 0x00000006c2c00000, 0x00000006c2c00000|
|  19|0x00000006c2d00000, 0x00000006c2d00000, 0x00000006c2e00000|  0%| F|  |TS  0|AC  0|TAMS 0x00000006c2d00000, 0x00000006c2d00000|
|  20|0x00000006c2e00000, 0x00000006c2e00000, 0x00000006c2f00000|  0%| F|  |TS  0|AC  0|TAMS 0x00000006c2e00000, 0x00000006c2e00000|
|  21|0x00000006c2f00000, 0x00000006c2f00000, 0x00000006c3000000|  0%| F|  |TS  0|AC  0|TAMS 0x00000006c2f00000, 0x00000006c2f00000|
|  22|0x00000006c3000000, 0x00000006c3000000, 0x00000006c3100000|  0%| F|  |TS  0|AC  0|TAMS 0x00000006c3000000, 0x00000006c3000000|
|  23|0x00000006c3100000, 0x00000006c3100000, 0x00000006c3200000|  0%| F|  |TS  0|AC  0|TAMS 0x00000006c3100000, 0x00000006c3100000|
|  24|0x00000006c3200000, 0x00000006c3200000, 0x00000006c3300000|  0%| F|  |TS  0|AC  0|TAMS 0x00000006c3200000, 0x00000006c3200000|
|  25|0x00000006c3300000, 0x00000006c3300000, 0x00000006c3400000|  0%| F|  |TS  0|AC  0|TAMS 0x00000006c3300000, 0x00000006c3300000|
|  26|0x00000006c3400000, 0x00000006c3400000, 0x00000006c3500000|  0%| F|  |TS  0|AC  0|TAMS 0x00000006c3400000, 0x00000006c3400000|
|  27|0x00000006c3500000, 0x00000006c3500000, 0x00000006c3600000|  0%| F|  |TS  0|AC  0|TAMS 0x00000006c3500000, 0x00000006c3500000|
|  28|0x00000006c3600000, 0x00000006c3600000, 0x00000006c3700000|  0%| F|  |TS  0|AC  0|TAMS 0x00000006c3600000, 0x00000006c3600000|
|  29|0x00000006c3700000, 0x00000006c3700000, 0x00000006c3800000|  0%| F|  |TS  0|AC  0|TAMS 0x00000006c3700000, 0x00000006c3700000|
|  30|0x00000006c3800000, 0x00000006c3800000, 0x00000006c3900000|  0%| F|  |TS  0|AC  0|TAMS 0x00000006c3800000, 0x00000006c3800000|
|  31|0x00000006c3900000, 0x00000006c3900000, 0x00000006c3a00000|  0%| F|  |TS  0|AC  0|TAMS 0x00000006c3900000, 0x00000006c3900000|
|  32|0x00000006c3a00000, 0x00000006c3a00000, 0x00000006c3b00000|  0%| F|  |TS  0|AC  0|TAMS 0x00000006c3a00000, 0x00000006c3a00000|
|  33|0x00000006c3b00000, 0x00000006c3b00000, 0x00000006c3c00000|  0%| F|  |TS  0|AC  0|TAMS 0x00000006c3b00000, 0x00000006c3b00000|
|  34|0x00000006c3c00000, 0x00000006c3c00000, 0x00000006c3d00000|  0%| F|  |TS  0|AC  0|TAMS 0x00000006c3c00000, 0x00000006c3c00000|
|  35|0x00000006c3d00000, 0x00000006c3d00000, 0x00000006c3e00000|  0%| F|  |TS  0|AC  0|TAMS 0x00000006c3d00000, 0x00000006c3d00000|
|  36|0x00000006c3e00000, 0x00000006c3e00000, 0x00000006c3f00000|  0%| F|  |TS  0|AC  0|TAMS 0x00000006c3e00000, 0x00000006c3e00000|
|  37|0x00000006c3f00000, 0x00000006c3f00000, 0x00000006c4000000|  0%| F|  |TS  0|AC  0|TAMS 0x00000006c3f00000, 0x00000006c3f00000|
|  38|0x00000006c4000000, 0x00000006c4000000, 0x00000006c4100000|  0%| F|  |TS  0|AC  0|TAMS 0x00000006c4000000, 0x00000006c4000000|
|  39|0x00000006c4100000, 0x00000006c4100000, 0x00000006c4200000|  0%| F|  |TS  0|AC  0|TAMS 0x00000006c4100000, 0x00000006c4100000|
|  40|0x00000006c4200000, 0x00000006c4200000, 0x00000006c4300000|  0%| F|  |TS  0|AC  0|TAMS 0x00000006c4200000, 0x00000006c4200000|
|  41|0x00000006c4300000, 0x00000006c4300000, 0x00000006c4400000|  0%| F|  |TS  0|AC  0|TAMS 0x00000006c4300000, 0x00000006c4300000|
|  42|0x00000006c4400000, 0x00000006c4400000, 0x00000006c4500000|  0%| F|  |TS  0|AC  0|TAMS 0x00000006c4400000, 0x00000006c4400000|
|  43|0x00000006c4500000, 0x00000006c4500000, 0x00000006c4600000|  0%| F|  |TS  0|AC  0|TAMS 0x00000006c4500000, 0x00000006c4500000|
|  44|0x00000006c4600000, 0x00000006c4600000, 0x00000006c4700000|  0%| F|  |TS  0|AC  0|TAMS 0x00000006c4600000, 0x00000006c4600000|
|  45|0x00000006c4700000, 0x00000006c4700000, 0x00000006c4800000|  0%| F|  |TS  0|AC  0|TAMS 0x00000006c4700000, 0x00000006c4700000|
|  46|0x00000006c4800000, 0x00000006c4800000, 0x00000006c4900000|  0%| F|  |TS  0|AC  0|TAMS 0x00000006c4800000, 0x00000006c4800000|
|  47|0x00000006c4900000, 0x00000006c4900000, 0x00000006c4a00000|  0%| F|  |TS  0|AC  0|TAMS 0x00000006c4900000, 0x00000006c4900000|
|  48|0x00000006c4a00000, 0x00000006c4a00000, 0x00000006c4b00000|  0%| F|  |TS  0|AC  0|TAMS 0x00000006c4a00000, 0x00000006c4a00000|
|  49|0x00000006c4b00000, 0x00000006c4b00000, 0x00000006c4c00000|  0%| F|  |TS  0|AC  0|TAMS 0x00000006c4b00000, 0x00000006c4b00000|
|  50|0x00000006c4c00000, 0x00000006c4c00000, 0x00000006c4d00000|  0%| F|  |TS  0|AC  0|TAMS 0x00000006c4c00000, 0x00000006c4c00000|
|  51|0x00000006c4d00000, 0x00000006c4d00000, 0x00000006c4e00000|  0%| F|  |TS  0|AC  0|TAMS 0x00000006c4d00000, 0x00000006c4d00000|
|  52|0x00000006c4e00000, 0x00000006c4e00000, 0x00000006c4f00000|  0%| F|  |TS  0|AC  0|TAMS 0x00000006c4e00000, 0x00000006c4e00000|
|  53|0x00000006c4f00000, 0x00000006c4f00000, 0x00000006c5000000|  0%| F|  |TS  0|AC  0|TAMS 0x00000006c4f00000, 0x00000006c4f00000|
|  54|0x00000006c5000000, 0x00000006c5000000, 0x00000006c5100000|  0%| F|  |TS  0|AC  0|TAMS 0x00000006c5000000, 0x00000006c5000000|
|  55|0x00000006c5100000, 0x00000006c5100000, 0x00000006c5200000|  0%| F|  |TS  0|AC  0|TAMS 0x00000006c5100000, 0x00000006c5100000|
|  56|0x00000006c5200000, 0x00000006c5200000, 0x00000006c5300000|  0%| F|  |TS  0|AC  0|TAMS 0x00000006c5200000, 0x00000006c5200000|
|  57|0x00000006c5300000, 0x00000006c5300000, 0x00000006c5400000|  0%| F|  |TS  0|AC  0|TAMS 0x00000006c5300000, 0x00000006c5300000|
|  58|0x00000006c5400000, 0x00000006c5400000, 0x00000006c5500000|  0%| F|  |TS  0|AC  0|TAMS 0x00000006c5400000, 0x00000006c5400000|
|  59|0x00000006c5500000, 0x00000006c5500000, 0x00000006c5600000|  0%| F|  |TS  0|AC  0|TAMS 0x00000006c5500000, 0x00000006c5500000|
|  60|0x00000006c5600000, 0x00000006c5600000, 0x00000006c5700000|  0%| F|  |TS  0|AC  0|TAMS 0x00000006c5600000, 0x00000006c5600000|
|  61|0x00000006c5700000, 0x00000006c5700000, 0x00000006c5800000|  0%| F|  |TS  0|AC  0|TAMS 0x00000006c5700000, 0x00000006c5700000|
|  62|0x00000006c5800000, 0x00000006c5800000, 0x00000006c5900000|  0%| F|  |TS  0|AC  0|TAMS 0x00000006c5800000, 0x00000006c5800000|
|  63|0x00000006c5900000, 0x00000006c5900000, 0x00000006c5a00000|  0%| F|  |TS  0|AC  0|TAMS 0x00000006c5900000, 0x00000006c5900000|
|  64|0x00000006c5a00000, 0x00000006c5a00000, 0x00000006c5b00000|  0%| F|  |TS  0|AC  0|TAMS 0x00000006c5a00000, 0x00000006c5a00000|
|  65|0x00000006c5b00000, 0x00000006c5b00000, 0x00000006c5c00000|  0%| F|  |TS  0|AC  0|TAMS 0x00000006c5b00000, 0x00000006c5b00000|
|  66|0x00000006c5c00000, 0x00000006c5c00000, 0x00000006c5d00000|  0%| F|  |TS  0|AC  0|TAMS 0x00000006c5c00000, 0x00000006c5c00000|
|  67|0x00000006c5d00000, 0x00000006c5d00000, 0x00000006c5e00000|  0%| F|  |TS  0|AC  0|TAMS 0x00000006c5d00000, 0x00000006c5d00000|
|  68|0x00000006c5e00000, 0x00000006c5e00000, 0x00000006c5f00000|  0%| F|  |TS  0|AC  0|TAMS 0x00000006c5e00000, 0x00000006c5e00000|
|  69|0x00000006c5f00000, 0x00000006c5f00000, 0x00000006c6000000|  0%| F|  |TS  0|AC  0|TAMS 0x00000006c5f00000, 0x00000006c5f00000|
|  70|0x00000006c6000000, 0x00000006c6000000, 0x00000006c6100000|  0%| F|  |TS  0|AC  0|TAMS 0x00000006c6000000, 0x00000006c6000000|
|  71|0x00000006c6100000, 0x00000006c6100000, 0x00000006c6200000|  0%| F|  |TS  0|AC  0|TAMS 0x00000006c6100000, 0x00000006c6100000|
|  72|0x00000006c6200000, 0x00000006c6200000, 0x00000006c6300000|  0%| F|  |TS  0|AC  0|TAMS 0x00000006c6200000, 0x00000006c6200000|
|  73|0x00000006c6300000, 0x00000006c6300000, 0x00000006c6400000|  0%| F|  |TS  0|AC  0|TAMS 0x00000006c6300000, 0x00000006c6300000|
|  74|0x00000006c6400000, 0x00000006c6400000, 0x00000006c6500000|  0%| F|  |TS  0|AC  0|TAMS 0x00000006c6400000, 0x00000006c6400000|
|  75|0x00000006c6500000, 0x00000006c6500000, 0x00000006c6600000|  0%| F|  |TS  0|AC  0|TAMS 0x00000006c6500000, 0x00000006c6500000|
|  76|0x00000006c6600000, 0x00000006c6600000, 0x00000006c6700000|  0%| F|  |TS  0|AC  0|TAMS 0x00000006c6600000, 0x00000006c6600000|
|  77|0x00000006c6700000, 0x00000006c6700000, 0x00000006c6800000|  0%| F|  |TS  0|AC  0|TAMS 0x00000006c6700000, 0x00000006c6700000|
|  78|0x00000006c6800000, 0x00000006c6800000, 0x00000006c6900000|  0%| F|  |TS  0|AC  0|TAMS 0x00000006c6800000, 0x00000006c6800000|
|  79|0x00000006c6900000, 0x00000006c6900000, 0x00000006c6a00000|  0%| F|  |TS  0|AC  0|TAMS 0x00000006c6900000, 0x00000006c6900000|
|  80|0x00000006c6a00000, 0x00000006c6a00000, 0x00000006c6b00000|  0%| F|  |TS  0|AC  0|TAMS 0x00000006c6a00000, 0x00000006c6a00000|
|  81|0x00000006c6b00000, 0x00000006c6b00000, 0x00000006c6c00000|  0%| F|  |TS  0|AC  0|TAMS 0x00000006c6b00000, 0x00000006c6b00000|
|  82|0x00000006c6c00000, 0x00000006c6c00000, 0x00000006c6d00000|  0%| F|  |TS  0|AC  0|TAMS 0x00000006c6c00000, 0x00000006c6c00000|
|  83|0x00000006c6d00000, 0x00000006c6d00000, 0x00000006c6e00000|  0%| F|  |TS  0|AC  0|TAMS 0x00000006c6d00000, 0x00000006c6d00000|
|  84|0x00000006c6e00000, 0x00000006c6e00000, 0x00000006c6f00000|  0%| F|  |TS  0|AC  0|TAMS 0x00000006c6e00000, 0x00000006c6e00000|
|  85|0x00000006c6f00000, 0x00000006c6f00000, 0x00000006c7000000|  0%| F|  |TS  0|AC  0|TAMS 0x00000006c6f00000, 0x00000006c6f00000|
|  86|0x00000006c7000000, 0x00000006c7000000, 0x00000006c7100000|  0%| F|  |TS  0|AC  0|TAMS 0x00000006c7000000, 0x00000006c7000000|
|  87|0x00000006c7100000, 0x00000006c7100000, 0x00000006c7200000|  0%| F|  |TS  0|AC  0|TAMS 0x00000006c7100000, 0x00000006c7100000|
|  88|0x00000006c7200000, 0x00000006c7200000, 0x00000006c7300000|  0%| F|  |TS  0|AC  0|TAMS 0x00000006c7200000, 0x00000006c7200000|
|  89|0x00000006c7300000, 0x00000006c7300000, 0x00000006c7400000|  0%| F|  |TS  0|AC  0|TAMS 0x00000006c7300000, 0x00000006c7300000|
|  90|0x00000006c7400000, 0x00000006c7400000, 0x00000006c7500000|  0%| F|  |TS  0|AC  0|TAMS 0x00000006c7400000, 0x00000006c7400000|
|  91|0x00000006c7500000, 0x00000006c7500000, 0x00000006c7600000|  0%| F|  |TS  0|AC  0|TAMS 0x00000006c7500000, 0x00000006c7500000|
|  92|0x00000006c7600000, 0x00000006c7600000, 0x00000006c7700000|  0%| F|  |TS  0|AC  0|TAMS 0x00000006c7600000, 0x00000006c7600000|
|  93|0x00000006c7700000, 0x00000006c7700000, 0x00000006c7800000|  0%| F|  |TS  0|AC  0|TAMS 0x00000006c7700000, 0x00000006c7700000|
|  94|0x00000006c7800000, 0x00000006c7800000, 0x00000006c7900000|  0%| F|  |TS  0|AC  0|TAMS 0x00000006c7800000, 0x00000006c7800000|
|  95|0x00000006c7900000, 0x00000006c7900000, 0x00000006c7a00000|  0%| F|  |TS  0|AC  0|TAMS 0x00000006c7900000, 0x00000006c7900000|
|  96|0x00000006c7a00000, 0x00000006c7a00000, 0x00000006c7b00000|  0%| F|  |TS  0|AC  0|TAMS 0x00000006c7a00000, 0x00000006c7a00000|
|  97|0x00000006c7b00000, 0x00000006c7b00000, 0x00000006c7c00000|  0%| F|  |TS  0|AC  0|TAMS 0x00000006c7b00000, 0x00000006c7b00000|
|  98|0x00000006c7c00000, 0x00000006c7c00000, 0x00000006c7d00000|  0%| F|  |TS  0|AC  0|TAMS 0x00000006c7c00000, 0x00000006c7c00000|
|  99|0x00000006c7d00000, 0x00000006c7d00000, 0x00000006c7e00000|  0%| F|  |TS  0|AC  0|TAMS 0x00000006c7d00000, 0x00000006c7d00000|
| 100|0x00000006c7e00000, 0x00000006c7e00000, 0x00000006c7f00000|  0%| F|  |TS  0|AC  0|TAMS 0x00000006c7e00000, 0x00000006c7e00000|
| 101|0x00000006c7f00000, 0x00000006c7f00000, 0x00000006c8000000|  0%| F|  |TS  0|AC  0|TAMS 0x00000006c7f00000, 0x00000006c7f00000|
| 102|0x00000006c8000000, 0x00000006c8000000, 0x00000006c8100000|  0%| F|  |TS  0|AC  0|TAMS 0x00000006c8000000, 0x00000006c8000000|
| 103|0x00000006c8100000, 0x00000006c8100000, 0x00000006c8200000|  0%| F|  |TS  0|AC  0|TAMS 0x00000006c8100000, 0x00000006c8100000|
| 104|0x00000006c8200000, 0x00000006c8200000, 0x00000006c8300000|  0%| F|  |TS  0|AC  0|TAMS 0x00000006c8200000, 0x00000006c8200000|
| 105|0x00000006c8300000, 0x00000006c8300000, 0x00000006c8400000|  0%| F|  |TS  0|AC  0|TAMS 0x00000006c8300000, 0x00000006c8300000|
| 106|0x00000006c8400000, 0x00000006c8400000, 0x00000006c8500000|  0%| F|  |TS  0|AC  0|TAMS 0x00000006c8400000, 0x00000006c8400000|
| 107|0x00000006c8500000, 0x00000006c8500000, 0x00000006c8600000|  0%| F|  |TS  0|AC  0|TAMS 0x00000006c8500000, 0x00000006c8500000|
| 108|0x00000006c8600000, 0x00000006c8600000, 0x00000006c8700000|  0%| F|  |TS  0|AC  0|TAMS 0x00000006c8600000, 0x00000006c8600000|
| 109|0x00000006c8700000, 0x00000006c8700000, 0x00000006c8800000|  0%| F|  |TS  0|AC  0|TAMS 0x00000006c8700000, 0x00000006c8700000|
| 110|0x00000006c8800000, 0x00000006c8800000, 0x00000006c8900000|  0%| F|  |TS  0|AC  0|TAMS 0x00000006c8800000, 0x00000006c8800000|
| 111|0x00000006c8900000, 0x00000006c8900000, 0x00000006c8a00000|  0%| F|  |TS  0|AC  0|TAMS 0x00000006c8900000, 0x00000006c8900000|
| 112|0x00000006c8a00000, 0x00000006c8a00000, 0x00000006c8b00000|  0%| F|  |TS  0|AC  0|TAMS 0x00000006c8a00000, 0x00000006c8a00000|
| 113|0x00000006c8b00000, 0x00000006c8b00000, 0x00000006c8c00000|  0%| F|  |TS  0|AC  0|TAMS 0x00000006c8b00000, 0x00000006c8b00000|
| 114|0x00000006c8c00000, 0x00000006c8c00000, 0x00000006c8d00000|  0%| F|  |TS  0|AC  0|TAMS 0x00000006c8c00000, 0x00000006c8c00000|
| 115|0x00000006c8d00000, 0x00000006c8d00000, 0x00000006c8e00000|  0%| F|  |TS  0|AC  0|TAMS 0x00000006c8d00000, 0x00000006c8d00000|
| 116|0x00000006c8e00000, 0x00000006c8e00000, 0x00000006c8f00000|  0%| F|  |TS  0|AC  0|TAMS 0x00000006c8e00000, 0x00000006c8e00000|
| 117|0x00000006c8f00000, 0x00000006c8f00000, 0x00000006c9000000|  0%| F|  |TS  0|AC  0|TAMS 0x00000006c8f00000, 0x00000006c8f00000|
| 118|0x00000006c9000000, 0x00000006c9000000, 0x00000006c9100000|  0%| F|  |TS  0|AC  0|TAMS 0x00000006c9000000, 0x00000006c9000000|
| 119|0x00000006c9100000, 0x00000006c9100000, 0x00000006c9200000|  0%| F|  |TS  0|AC  0|TAMS 0x00000006c9100000, 0x00000006c9100000|
| 120|0x00000006c9200000, 0x00000006c9200000, 0x00000006c9300000|  0%| F|  |TS  0|AC  0|TAMS 0x00000006c9200000, 0x00000006c9200000|
| 121|0x00000006c9300000, 0x00000006c9300000, 0x00000006c9400000|  0%| F|  |TS  0|AC  0|TAMS 0x00000006c9300000, 0x00000006c9300000|
| 122|0x00000006c9400000, 0x00000006c9400000, 0x00000006c9500000|  0%| F|  |TS  0|AC  0|TAMS 0x00000006c9400000, 0x00000006c9400000|
| 123|0x00000006c9500000, 0x00000006c9500000, 0x00000006c9600000|  0%| F|  |TS  0|AC  0|TAMS 0x00000006c9500000, 0x00000006c9500000|
| 124|0x00000006c9600000, 0x00000006c9600000, 0x00000006c9700000|  0%| F|  |TS  0|AC  0|TAMS 0x00000006c9600000, 0x00000006c9600000|
| 125|0x00000006c9700000, 0x00000006c9700000, 0x00000006c9800000|  0%| F|  |TS  0|AC  0|TAMS 0x00000006c9700000, 0x00000006c9700000|
| 126|0x00000006c9800000, 0x00000006c9800000, 0x00000006c9900000|  0%| F|  |TS  0|AC  0|TAMS 0x00000006c9800000, 0x00000006c9800000|
| 127|0x00000006c9900000, 0x00000006c9900000, 0x00000006c9a00000|  0%| F|  |TS  0|AC  0|TAMS 0x00000006c9900000, 0x00000006c9900000|
| 128|0x00000006c9a00000, 0x00000006c9a00000, 0x00000006c9b00000|  0%| F|  |TS  0|AC  0|TAMS 0x00000006c9a00000, 0x00000006c9a00000|
| 129|0x00000006c9b00000, 0x00000006c9b00000, 0x00000006c9c00000|  0%| F|  |TS  0|AC  0|TAMS 0x00000006c9b00000, 0x00000006c9b00000|
| 130|0x00000006c9c00000, 0x00000006c9c00000, 0x00000006c9d00000|  0%| F|  |TS  0|AC  0|TAMS 0x00000006c9c00000, 0x00000006c9c00000|
| 131|0x00000006c9d00000, 0x00000006c9d00000, 0x00000006c9e00000|  0%| F|  |TS  0|AC  0|TAMS 0x00000006c9d00000, 0x00000006c9d00000|
| 132|0x00000006c9e00000, 0x00000006c9e00000, 0x00000006c9f00000|  0%| F|  |TS  0|AC  0|TAMS 0x00000006c9e00000, 0x00000006c9e00000|
| 133|0x00000006c9f00000, 0x00000006c9f00000, 0x00000006ca000000|  0%| F|  |TS  0|AC  0|TAMS 0x00000006c9f00000, 0x00000006c9f00000|
| 134|0x00000006ca000000, 0x00000006ca000000, 0x00000006ca100000|  0%| F|  |TS  0|AC  0|TAMS 0x00000006ca000000, 0x00000006ca000000|
| 135|0x00000006ca100000, 0x00000006ca100000, 0x00000006ca200000|  0%| F|  |TS  0|AC  0|TAMS 0x00000006ca100000, 0x00000006ca100000|
| 136|0x00000006ca200000, 0x00000006ca200000, 0x00000006ca300000|  0%| F|  |TS  0|AC  0|TAMS 0x00000006ca200000, 0x00000006ca200000|
| 137|0x00000006ca300000, 0x00000006ca300000, 0x00000006ca400000|  0%| F|  |TS  0|AC  0|TAMS 0x00000006ca300000, 0x00000006ca300000|
| 138|0x00000006ca400000, 0x00000006ca400000, 0x00000006ca500000|  0%| F|  |TS  0|AC  0|TAMS 0x00000006ca400000, 0x00000006ca400000|
| 139|0x00000006ca500000, 0x00000006ca500000, 0x00000006ca600000|  0%| F|  |TS  0|AC  0|TAMS 0x00000006ca500000, 0x00000006ca500000|
| 140|0x00000006ca600000, 0x00000006ca600000, 0x00000006ca700000|  0%| F|  |TS  0|AC  0|TAMS 0x00000006ca600000, 0x00000006ca600000|
| 141|0x00000006ca700000, 0x00000006ca700000, 0x00000006ca800000|  0%| F|  |TS  0|AC  0|TAMS 0x00000006ca700000, 0x00000006ca700000|
| 142|0x00000006ca800000, 0x00000006ca800000, 0x00000006ca900000|  0%| F|  |TS  0|AC  0|TAMS 0x00000006ca800000, 0x00000006ca800000|
| 143|0x00000006ca900000, 0x00000006ca900000, 0x00000006caa00000|  0%| F|  |TS  0|AC  0|TAMS 0x00000006ca900000, 0x00000006ca900000|
| 144|0x00000006caa00000, 0x00000006caa00000, 0x00000006cab00000|  0%| F|  |TS  0|AC  0|TAMS 0x00000006caa00000, 0x00000006caa00000|
| 145|0x00000006cab00000, 0x00000006cab00000, 0x00000006cac00000|  0%| F|  |TS  0|AC  0|TAMS 0x00000006cab00000, 0x00000006cab00000|
| 146|0x00000006cac00000, 0x00000006cac00000, 0x00000006cad00000|  0%| F|  |TS  0|AC  0|TAMS 0x00000006cac00000, 0x00000006cac00000|
| 147|0x00000006cad00000, 0x00000006cad00000, 0x00000006cae00000|  0%| F|  |TS  0|AC  0|TAMS 0x00000006cad00000, 0x00000006cad00000|
| 148|0x00000006cae00000, 0x00000006cae00000, 0x00000006caf00000|  0%| F|  |TS  0|AC  0|TAMS 0x00000006cae00000, 0x00000006cae00000|
| 149|0x00000006caf00000, 0x00000006caf00000, 0x00000006cb000000|  0%| F|  |TS  0|AC  0|TAMS 0x00000006caf00000, 0x00000006caf00000|
| 150|0x00000006cb000000, 0x00000006cb000000, 0x00000006cb100000|  0%| F|  |TS  0|AC  0|TAMS 0x00000006cb000000, 0x00000006cb000000|
| 151|0x00000006cb100000, 0x00000006cb100000, 0x00000006cb200000|  0%| F|  |TS  0|AC  0|TAMS 0x00000006cb100000, 0x00000006cb100000|
| 152|0x00000006cb200000, 0x00000006cb200000, 0x00000006cb300000|  0%| F|  |TS  0|AC  0|TAMS 0x00000006cb200000, 0x00000006cb200000|
| 153|0x00000006cb300000, 0x00000006cb300000, 0x00000006cb400000|  0%| F|  |TS  0|AC  0|TAMS 0x00000006cb300000, 0x00000006cb300000|
| 154|0x00000006cb400000, 0x00000006cb400000, 0x00000006cb500000|  0%| F|  |TS  0|AC  0|TAMS 0x00000006cb400000, 0x00000006cb400000|
| 155|0x00000006cb500000, 0x00000006cb500000, 0x00000006cb600000|  0%| F|  |TS  0|AC  0|TAMS 0x00000006cb500000, 0x00000006cb500000|
| 156|0x00000006cb600000, 0x00000006cb600000, 0x00000006cb700000|  0%| F|  |TS  0|AC  0|TAMS 0x00000006cb600000, 0x00000006cb600000|
| 157|0x00000006cb700000, 0x00000006cb700000, 0x00000006cb800000|  0%| F|  |TS  0|AC  0|TAMS 0x00000006cb700000, 0x00000006cb700000|
| 158|0x00000006cb800000, 0x00000006cb800000, 0x00000006cb900000|  0%| F|  |TS  0|AC  0|TAMS 0x00000006cb800000, 0x00000006cb800000|
| 159|0x00000006cb900000, 0x00000006cb900000, 0x00000006cba00000|  0%| F|  |TS  0|AC  0|TAMS 0x00000006cb900000, 0x00000006cb900000|
| 160|0x00000006cba00000, 0x00000006cba00000, 0x00000006cbb00000|  0%| F|  |TS  0|AC  0|TAMS 0x00000006cba00000, 0x00000006cba00000|
| 161|0x00000006cbb00000, 0x00000006cbb00000, 0x00000006cbc00000|  0%| F|  |TS  0|AC  0|TAMS 0x00000006cbb00000, 0x00000006cbb00000|
| 162|0x00000006cbc00000, 0x00000006cbc00000, 0x00000006cbd00000|  0%| F|  |TS  0|AC  0|TAMS 0x00000006cbc00000, 0x00000006cbc00000|
| 163|0x00000006cbd00000, 0x00000006cbd00000, 0x00000006cbe00000|  0%| F|  |TS  0|AC  0|TAMS 0x00000006cbd00000, 0x00000006cbd00000|
| 164|0x00000006cbe00000, 0x00000006cbe00000, 0x00000006cbf00000|  0%| F|  |TS  0|AC  0|TAMS 0x00000006cbe00000, 0x00000006cbe00000|
| 165|0x00000006cbf00000, 0x00000006cbf00000, 0x00000006cc000000|  0%| F|  |TS  0|AC  0|TAMS 0x00000006cbf00000, 0x00000006cbf00000|
| 166|0x00000006cc000000, 0x00000006cc000000, 0x00000006cc100000|  0%| F|  |TS  0|AC  0|TAMS 0x00000006cc000000, 0x00000006cc000000|
| 167|0x00000006cc100000, 0x00000006cc100000, 0x00000006cc200000|  0%| F|  |TS  0|AC  0|TAMS 0x00000006cc100000, 0x00000006cc100000|
| 168|0x00000006cc200000, 0x00000006cc200000, 0x00000006cc300000|  0%| F|  |TS  0|AC  0|TAMS 0x00000006cc200000, 0x00000006cc200000|
| 169|0x00000006cc300000, 0x00000006cc300000, 0x00000006cc400000|  0%| F|  |TS  0|AC  0|TAMS 0x00000006cc300000, 0x00000006cc300000|
| 170|0x00000006cc400000, 0x00000006cc400000, 0x00000006cc500000|  0%| F|  |TS  0|AC  0|TAMS 0x00000006cc400000, 0x00000006cc400000|
| 171|0x00000006cc500000, 0x00000006cc500000, 0x00000006cc600000|  0%| F|  |TS  0|AC  0|TAMS 0x00000006cc500000, 0x00000006cc500000|
| 172|0x00000006cc600000, 0x00000006cc600000, 0x00000006cc700000|  0%| F|  |TS  0|AC  0|TAMS 0x00000006cc600000, 0x00000006cc600000|
| 173|0x00000006cc700000, 0x00000006cc700000, 0x00000006cc800000|  0%| F|  |TS  0|AC  0|TAMS 0x00000006cc700000, 0x00000006cc700000|
| 174|0x00000006cc800000, 0x00000006cc800000, 0x00000006cc900000|  0%| F|  |TS  0|AC  0|TAMS 0x00000006cc800000, 0x00000006cc800000|
| 175|0x00000006cc900000, 0x00000006cc900000, 0x00000006cca00000|  0%| F|  |TS  0|AC  0|TAMS 0x00000006cc900000, 0x00000006cc900000|
| 176|0x00000006cca00000, 0x00000006cca00000, 0x00000006ccb00000|  0%| F|  |TS  0|AC  0|TAMS 0x00000006cca00000, 0x00000006cca00000|
| 177|0x00000006ccb00000, 0x00000006ccb00000, 0x00000006ccc00000|  0%| F|  |TS  0|AC  0|TAMS 0x00000006ccb00000, 0x00000006ccb00000|
| 178|0x00000006ccc00000, 0x00000006ccc00000, 0x00000006ccd00000|  0%| F|  |TS  0|AC  0|TAMS 0x00000006ccc00000, 0x00000006ccc00000|
| 179|0x00000006ccd00000, 0x00000006ccd00000, 0x00000006cce00000|  0%| F|  |TS  0|AC  0|TAMS 0x00000006ccd00000, 0x00000006ccd00000|
| 180|0x00000006cce00000, 0x00000006cce00000, 0x00000006ccf00000|  0%| F|  |TS  0|AC  0|TAMS 0x00000006cce00000, 0x00000006cce00000|
| 181|0x00000006ccf00000, 0x00000006ccf00000, 0x00000006cd000000|  0%| F|  |TS  0|AC  0|TAMS 0x00000006ccf00000, 0x00000006ccf00000|
| 182|0x00000006cd000000, 0x00000006cd000000, 0x00000006cd100000|  0%| F|  |TS  0|AC  0|TAMS 0x00000006cd000000, 0x00000006cd000000|
| 183|0x00000006cd100000, 0x00000006cd100000, 0x00000006cd200000|  0%| F|  |TS  0|AC  0|TAMS 0x00000006cd100000, 0x00000006cd100000|
| 184|0x00000006cd200000, 0x00000006cd200000, 0x00000006cd300000|  0%| F|  |TS  0|AC  0|TAMS 0x00000006cd200000, 0x00000006cd200000|
| 185|0x00000006cd300000, 0x00000006cd300000, 0x00000006cd400000|  0%| F|  |TS  0|AC  0|TAMS 0x00000006cd300000, 0x00000006cd300000|
| 186|0x00000006cd400000, 0x00000006cd400000, 0x00000006cd500000|  0%| F|  |TS  0|AC  0|TAMS 0x00000006cd400000, 0x00000006cd400000|
| 187|0x00000006cd500000, 0x00000006cd500000, 0x00000006cd600000|  0%| F|  |TS  0|AC  0|TAMS 0x00000006cd500000, 0x00000006cd500000|
| 188|0x00000006cd600000, 0x00000006cd600000, 0x00000006cd700000|  0%| F|  |TS  0|AC  0|TAMS 0x00000006cd600000, 0x00000006cd600000|
| 189|0x00000006cd700000, 0x00000006cd700000, 0x00000006cd800000|  0%| F|  |TS  0|AC  0|TAMS 0x00000006cd700000, 0x00000006cd700000|
| 190|0x00000006cd800000, 0x00000006cd800000, 0x00000006cd900000|  0%| F|  |TS  0|AC  0|TAMS 0x00000006cd800000, 0x00000006cd800000|
| 191|0x00000006cd900000, 0x00000006cd900000, 0x00000006cda00000|  0%| F|  |TS  0|AC  0|TAMS 0x00000006cd900000, 0x00000006cd900000|
| 192|0x00000006cda00000, 0x00000006cda00000, 0x00000006cdb00000|  0%| F|  |TS  0|AC  0|TAMS 0x00000006cda00000, 0x00000006cda00000|
| 193|0x00000006cdb00000, 0x00000006cdb00000, 0x00000006cdc00000|  0%| F|  |TS  0|AC  0|TAMS 0x00000006cdb00000, 0x00000006cdb00000|
| 194|0x00000006cdc00000, 0x00000006cdc00000, 0x00000006cdd00000|  0%| F|  |TS  0|AC  0|TAMS 0x00000006cdc00000, 0x00000006cdc00000|
| 195|0x00000006cdd00000, 0x00000006cdd00000, 0x00000006cde00000|  0%| F|  |TS  0|AC  0|TAMS 0x00000006cdd00000, 0x00000006cdd00000|
| 196|0x00000006cde00000, 0x00000006cde00000, 0x00000006cdf00000|  0%| F|  |TS  0|AC  0|TAMS 0x00000006cde00000, 0x00000006cde00000|
| 197|0x00000006cdf00000, 0x00000006cdf00000, 0x00000006ce000000|  0%| F|  |TS  0|AC  0|TAMS 0x00000006cdf00000, 0x00000006cdf00000|
| 198|0x00000006ce000000, 0x00000006ce000000, 0x00000006ce100000|  0%| F|  |TS  0|AC  0|TAMS 0x00000006ce000000, 0x00000006ce000000|
| 199|0x00000006ce100000, 0x00000006ce100000, 0x00000006ce200000|  0%| F|  |TS  0|AC  0|TAMS 0x00000006ce100000, 0x00000006ce100000|
| 200|0x00000006ce200000, 0x00000006ce200000, 0x00000006ce300000|  0%| F|  |TS  0|AC  0|TAMS 0x00000006ce200000, 0x00000006ce200000|
| 201|0x00000006ce300000, 0x00000006ce300000, 0x00000006ce400000|  0%| F|  |TS  0|AC  0|TAMS 0x00000006ce300000, 0x00000006ce300000|
| 202|0x00000006ce400000, 0x00000006ce400000, 0x00000006ce500000|  0%| F|  |TS  0|AC  0|TAMS 0x00000006ce400000, 0x00000006ce400000|
| 203|0x00000006ce500000, 0x00000006ce500000, 0x00000006ce600000|  0%| F|  |TS  0|AC  0|TAMS 0x00000006ce500000, 0x00000006ce500000|
| 204|0x00000006ce600000, 0x00000006ce600000, 0x00000006ce700000|  0%| F|  |TS  0|AC  0|TAMS 0x00000006ce600000, 0x00000006ce600000|
| 205|0x00000006ce700000, 0x00000006ce700000, 0x00000006ce800000|  0%| F|  |TS  0|AC  0|TAMS 0x00000006ce700000, 0x00000006ce700000|
| 206|0x00000006ce800000, 0x00000006ce800000, 0x00000006ce900000|  0%| F|  |TS  0|AC  0|TAMS 0x00000006ce800000, 0x00000006ce800000|
| 207|0x00000006ce900000, 0x00000006ce900000, 0x00000006cea00000|  0%| F|  |TS  0|AC  0|TAMS 0x00000006ce900000, 0x00000006ce900000|
| 208|0x00000006cea00000, 0x00000006cea00000, 0x00000006ceb00000|  0%| F|  |TS  0|AC  0|TAMS 0x00000006cea00000, 0x00000006cea00000|
| 209|0x00000006ceb00000, 0x00000006ceb00000, 0x00000006cec00000|  0%| F|  |TS  0|AC  0|TAMS 0x00000006ceb00000, 0x00000006ceb00000|
| 210|0x00000006cec00000, 0x00000006cec00000, 0x00000006ced00000|  0%| F|  |TS  0|AC  0|TAMS 0x00000006cec00000, 0x00000006cec00000|
| 211|0x00000006ced00000, 0x00000006ced00000, 0x00000006cee00000|  0%| F|  |TS  0|AC  0|TAMS 0x00000006ced00000, 0x00000006ced00000|
| 212|0x00000006cee00000, 0x00000006cee00000, 0x00000006cef00000|  0%| F|  |TS  0|AC  0|TAMS 0x00000006cee00000, 0x00000006cee00000|
| 213|0x00000006cef00000, 0x00000006cef00000, 0x00000006cf000000|  0%| F|  |TS  0|AC  0|TAMS 0x00000006cef00000, 0x00000006cef00000|
| 214|0x00000006cf000000, 0x00000006cf000000, 0x00000006cf100000|  0%| F|  |TS  0|AC  0|TAMS 0x00000006cf000000, 0x00000006cf000000|
| 215|0x00000006cf100000, 0x00000006cf100000, 0x00000006cf200000|  0%| F|  |TS  0|AC  0|TAMS 0x00000006cf100000, 0x00000006cf100000|
| 216|0x00000006cf200000, 0x00000006cf200000, 0x00000006cf300000|  0%| F|  |TS  0|AC  0|TAMS 0x00000006cf200000, 0x00000006cf200000|
| 217|0x00000006cf300000, 0x00000006cf300000, 0x00000006cf400000|  0%| F|  |TS  0|AC  0|TAMS 0x00000006cf300000, 0x00000006cf300000|
| 218|0x00000006cf400000, 0x00000006cf400000, 0x00000006cf500000|  0%| F|  |TS  0|AC  0|TAMS 0x00000006cf400000, 0x00000006cf400000|
| 219|0x00000006cf500000, 0x00000006cf500000, 0x00000006cf600000|  0%| F|  |TS  0|AC  0|TAMS 0x00000006cf500000, 0x00000006cf500000|
| 220|0x00000006cf600000, 0x00000006cf600000, 0x00000006cf700000|  0%| F|  |TS  0|AC  0|TAMS 0x00000006cf600000, 0x00000006cf600000|
| 221|0x00000006cf700000, 0x00000006cf700000, 0x00000006cf800000|  0%| F|  |TS  0|AC  0|TAMS 0x00000006cf700000, 0x00000006cf700000|
| 222|0x00000006cf800000, 0x00000006cf800000, 0x00000006cf900000|  0%| F|  |TS  0|AC  0|TAMS 0x00000006cf800000, 0x00000006cf800000|
| 223|0x00000006cf900000, 0x00000006cf900000, 0x00000006cfa00000|  0%| F|  |TS  0|AC  0|TAMS 0x00000006cf900000, 0x00000006cf900000|
| 224|0x00000006cfa00000, 0x00000006cfa00000, 0x00000006cfb00000|  0%| F|  |TS  0|AC  0|TAMS 0x00000006cfa00000, 0x00000006cfa00000|
| 225|0x00000006cfb00000, 0x00000006cfb00000, 0x00000006cfc00000|  0%| F|  |TS  0|AC  0|TAMS 0x00000006cfb00000, 0x00000006cfb00000|
| 226|0x00000006cfc00000, 0x00000006cfc00000, 0x00000006cfd00000|  0%| F|  |TS  0|AC  0|TAMS 0x00000006cfc00000, 0x00000006cfc00000|
| 227|0x00000006cfd00000, 0x00000006cfd00000, 0x00000006cfe00000|  0%| F|  |TS  0|AC  0|TAMS 0x00000006cfd00000, 0x00000006cfd00000|
| 228|0x00000006cfe00000, 0x00000006cfe00000, 0x00000006cff00000|  0%| F|  |TS  0|AC  0|TAMS 0x00000006cfe00000, 0x00000006cfe00000|
| 229|0x00000006cff00000, 0x00000006cff00000, 0x00000006d0000000|  0%| F|  |TS  0|AC  0|TAMS 0x00000006cff00000, 0x00000006cff00000|
| 230|0x00000006d0000000, 0x00000006d0000000, 0x00000006d0100000|  0%| F|  |TS  0|AC  0|TAMS 0x00000006d0000000, 0x00000006d0000000|
| 231|0x00000006d0100000, 0x00000006d0100000, 0x00000006d0200000|  0%| F|  |TS  0|AC  0|TAMS 0x00000006d0100000, 0x00000006d0100000|
| 232|0x00000006d0200000, 0x00000006d0200000, 0x00000006d0300000|  0%| F|  |TS  0|AC  0|TAMS 0x00000006d0200000, 0x00000006d0200000|
| 233|0x00000006d0300000, 0x00000006d0300000, 0x00000006d0400000|  0%| F|  |TS  0|AC  0|TAMS 0x00000006d0300000, 0x00000006d0300000|
| 234|0x00000006d0400000, 0x00000006d0400000, 0x00000006d0500000|  0%| F|  |TS  0|AC  0|TAMS 0x00000006d0400000, 0x00000006d0400000|
| 235|0x00000006d0500000, 0x00000006d0500000, 0x00000006d0600000|  0%| F|  |TS  0|AC  0|TAMS 0x00000006d0500000, 0x00000006d0500000|
| 236|0x00000006d0600000, 0x00000006d0600000, 0x00000006d0700000|  0%| F|  |TS  0|AC  0|TAMS 0x00000006d0600000, 0x00000006d0600000|
| 237|0x00000006d0700000, 0x00000006d0700000, 0x00000006d0800000|  0%| F|  |TS  0|AC  0|TAMS 0x00000006d0700000, 0x00000006d0700000|
| 238|0x00000006d0800000, 0x00000006d0800000, 0x00000006d0900000|  0%| F|  |TS  0|AC  0|TAMS 0x00000006d0800000, 0x00000006d0800000|
| 239|0x00000006d0900000, 0x00000006d0900000, 0x00000006d0a00000|  0%| F|  |TS  0|AC  0|TAMS 0x00000006d0900000, 0x00000006d0900000|
| 240|0x00000006d0a00000, 0x00000006d0a00000, 0x00000006d0b00000|  0%| F|  |TS  0|AC  0|TAMS 0x00000006d0a00000, 0x00000006d0a00000|
| 241|0x00000006d0b00000, 0x00000006d0b00000, 0x00000006d0c00000|  0%| F|  |TS  0|AC  0|TAMS 0x00000006d0b00000, 0x00000006d0b00000|
| 242|0x00000006d0c00000, 0x00000006d0c00000, 0x00000006d0d00000|  0%| F|  |TS  0|AC  0|TAMS 0x00000006d0c00000, 0x00000006d0c00000|
| 243|0x00000006d0d00000, 0x00000006d0d00000, 0x00000006d0e00000|  0%| F|  |TS  0|AC  0|TAMS 0x00000006d0d00000, 0x00000006d0d00000|
| 244|0x00000006d0e00000, 0x00000006d0e00000, 0x00000006d0f00000|  0%| F|  |TS  0|AC  0|TAMS 0x00000006d0e00000, 0x00000006d0e00000|
| 245|0x00000006d0f00000, 0x00000006d0f00000, 0x00000006d1000000|  0%| F|  |TS  0|AC  0|TAMS 0x00000006d0f00000, 0x00000006d0f00000|
| 246|0x00000006d1000000, 0x00000006d1000000, 0x00000006d1100000|  0%| F|  |TS  0|AC  0|TAMS 0x00000006d1000000, 0x00000006d1000000|
| 247|0x00000006d1100000, 0x00000006d117c240, 0x00000006d1200000| 48%| E|  |TS  0|AC  0|TAMS 0x00000006d1100000, 0x00000006d1100000|
| 248|0x00000006d1200000, 0x00000006d1300000, 0x00000006d1300000|100%| E|CS|TS  0|AC  0|TAMS 0x00000006d1200000, 0x00000006d1200000|
| 249|0x00000006d1300000, 0x00000006d1400000, 0x00000006d1400000|100%| E|CS|TS  0|AC  0|TAMS 0x00000006d1300000, 0x00000006d1300000|
| 250|0x00000006d1400000, 0x00000006d1500000, 0x00000006d1500000|100%| E|CS|TS  0|AC  0|TAMS 0x00000006d1400000, 0x00000006d1400000|
| 251|0x00000006d1500000, 0x00000006d1600000, 0x00000006d1600000|100%| E|CS|TS  0|AC  0|TAMS 0x00000006d1500000, 0x00000006d1500000|
| 252|0x00000006d1600000, 0x00000006d1700000, 0x00000006d1700000|100%| E|CS|TS  0|AC  0|TAMS 0x00000006d1600000, 0x00000006d1600000|
| 253|0x00000006d1700000, 0x00000006d1800000, 0x00000006d1800000|100%| E|CS|TS  0|AC  0|TAMS 0x00000006d1700000, 0x00000006d1700000|
| 254|0x00000006d1800000, 0x00000006d1900000, 0x00000006d1900000|100%| E|CS|TS  0|AC  0|TAMS 0x00000006d1800000, 0x00000006d1800000|
| 255|0x00000006d1900000, 0x00000006d1a00000, 0x00000006d1a00000|100%| E|CS|TS  0|AC  0|TAMS 0x00000006d1900000, 0x00000006d1900000|

Card table byte_map: [0x00000215c35a0000,0x00000215c3da0000] byte_map_base: 0x00000215bff93000

Marking Bits (Prev, Next): (CMBitMap*) 0x00000215cc568460, (CMBitMap*) 0x00000215cc568498
 Prev Bits: [0x00000215c45a0000, 0x00000215c8538000)
 Next Bits: [0x00000215c8540000, 0x00000215cc4d8000)

Polling page: 0x00000215a66a0000

CodeHeap 'non-profiled nmethods': size=120000Kb used=140Kb max_used=140Kb free=119860Kb
 bounds [0x00000215bb540000, 0x00000215bb7b0000, 0x00000215c2a70000]
CodeHeap 'profiled nmethods': size=120000Kb used=482Kb max_used=518Kb free=119517Kb
 bounds [0x00000215b4010000, 0x00000215b4280000, 0x00000215bb540000]
CodeHeap 'non-nmethods': size=5760Kb used=1130Kb max_used=1144Kb free=4629Kb
 bounds [0x00000215b3a70000, 0x00000215b3ce0000, 0x00000215b4010000]
 total_blobs=850 nmethods=362 adapters=254
 compilation: enabled

Compilation events (10 events):
Event: 116.389 Thread 0x00000215cf9a5800  387       4       java.lang.AbstractStringBuilder::append (45 bytes)
Event: 116.389 Thread 0x00000215cf9a5000  388       4       java.lang.String::getBytes (44 bytes)
Event: 116.390 Thread 0x00000215cf9a7800  389       3       java.lang.StringUTF16::getChars (139 bytes)
Event: 116.390 Thread 0x00000215cf9a6800  390       4       java.lang.StringUTF16::inflate (42 bytes)
Event: 116.390 Thread 0x00000215cf9a7800 nmethod 389 0x00000215b4012390 code [0x00000215b4012560, 0x00000215b4012978]
Event: 116.390 Thread 0x00000215cf9a7800  391       3       java.lang.StringUTF16::getChars (37 bytes)
Event: 116.390 Thread 0x00000215cf9a7800 nmethod 391 0x00000215b4010010 code [0x00000215b40101e0, 0x00000215b4010480]
Event: 116.392 Thread 0x00000215cf9a5000 nmethod 388 0x00000215bb561890 code [0x00000215bb561a40, 0x00000215bb561d58]
Event: 116.402 Thread 0x00000215cf9a6800 nmethod 390 0x00000215bb561f10 code [0x00000215bb5620c0, 0x00000215bb562498]
Event: 116.408 Thread 0x00000215cf9a5800 nmethod 387 0x00000215bb562690 code [0x00000215bb562860, 0x00000215bb5633e8]

GC Heap History (0 events):
No events

Deoptimization events (4 events):
Event: 0.229 Thread 0x00000215a86e3000 Uncommon trap: reason=unstable_if action=reinterpret pc=0x00000215bb543084 method=java.lang.String.hashCode()I @ 14 c2
Event: 0.318 Thread 0x00000215a86e3000 Uncommon trap: reason=unstable_if action=reinterpret pc=0x00000215bb551c84 method=java.lang.String.charAt(I)C @ 4 c2
Event: 24.194 Thread 0x00000215a86e3000 Uncommon trap: reason=unstable_if action=reinterpret pc=0x00000215bb552cdc method=java.lang.StringLatin1.canEncode(I)Z @ 4 c2
Event: 24.209 Thread 0x00000215a86e3000 Uncommon trap: reason=unstable_if action=reinterpret pc=0x00000215bb55d29c method=java.lang.AbstractStringBuilder.appendChars([CII)V @ 10 c2

Classes redefined (10 events):
Event: 838.187 Thread 0x00000215cf938000 redefined class name=at.spengergasse.hbgm.PatientRepository, count=6
Event: 916.444 Thread 0x00000215cf938000 redefined class name=at.spengergasse.hbgm.PatientRepository, count=7
Event: 950.799 Thread 0x00000215cf938000 redefined class name=at.spengergasse.hbgm.PatientRepository, count=8
Event: 991.901 Thread 0x00000215cf938000 redefined class name=at.spengergasse.hbgm.PatientRepository, count=9
Event: 1027.097 Thread 0x00000215cf938000 redefined class name=at.spengergasse.hbgm.PatientRepository, count=10
Event: 1079.072 Thread 0x00000215cf938000 redefined class name=at.spengergasse.hbgm.PatientRepository, count=11
Event: 1199.234 Thread 0x00000215cf938000 redefined class name=at.spengergasse.hbgm.PatientRepository, count=12
Event: 1306.359 Thread 0x00000215cf938000 redefined class name=at.spengergasse.hbgm.PatientRepository, count=13
Event: 1509.673 Thread 0x00000215cf938000 redefined class name=at.spengergasse.hbgm.PatientRepository, count=14
Event: 1682.918 Thread 0x00000215cf938000 redefined class name=at.spengergasse.hbgm.PatientRepository, count=15

Internal exceptions (1 events):
Event: 14.724 Thread 0x00000215a86e3000 Exception <a 'java/lang/NoSuchMethodError'{0x00000006d155f248}: method resolution failed> (0x00000006d155f248) thrown at [t:/workspace/open/src/hotspot/share/prims/methodHandles.cpp, line 1226]

Events (10 events):
Event: 2140.646 Executing VM operation: GetOrSetLocal done
Event: 2140.648 Executing VM operation: GetOrSetLocal
Event: 2140.648 Executing VM operation: GetOrSetLocal done
Event: 2140.656 Executing VM operation: GetFrameCount
Event: 2140.656 Executing VM operation: GetFrameCount done
Event: 2140.656 Executing VM operation: GetFrameLocation
Event: 2140.656 Executing VM operation: GetFrameLocation done
Event: 2140.657 Executing VM operation: GetFrameLocation
Event: 2140.657 Executing VM operation: GetFrameLocation done
Event: 2140.657 Executing VM operation: GetOrSetLocal


Dynamic libraries:
0x00007ff6f4e60000 - 0x00007ff6f4e9e000 	C:\Program Files\Java\jdk-10.0.2\bin\java.exe
0x00007ffc43c80000 - 0x00007ffc43e61000 	C:\Windows\SYSTEM32\ntdll.dll
0x00007ffc41840000 - 0x00007ffc418f2000 	C:\Windows\System32\KERNEL32.DLL
0x00007ffc402a0000 - 0x00007ffc40513000 	C:\Windows\System32\KERNELBASE.dll
0x00007ffc421a0000 - 0x00007ffc42241000 	C:\Windows\System32\ADVAPI32.dll
0x00007ffc42450000 - 0x00007ffc424ee000 	C:\Windows\System32\msvcrt.dll
0x00007ffc41cf0000 - 0x00007ffc41d4b000 	C:\Windows\System32\sechost.dll
0x00007ffc41170000 - 0x00007ffc41294000 	C:\Windows\System32\RPCRT4.dll
0x00007ffc42250000 - 0x00007ffc423e0000 	C:\Windows\System32\USER32.dll
0x00007ffc40940000 - 0x00007ffc40960000 	C:\Windows\System32\win32u.dll
0x00007ffc43ba0000 - 0x00007ffc43bc8000 	C:\Windows\System32\GDI32.dll
0x00007ffc40750000 - 0x00007ffc408e2000 	C:\Windows\System32\gdi32full.dll
0x00007ffc41070000 - 0x00007ffc4110f000 	C:\Windows\System32\msvcp_win.dll
0x00007ffc40650000 - 0x00007ffc4074a000 	C:\Windows\System32\ucrtbase.dll
0x00007ffc32aa0000 - 0x00007ffc32d09000 	C:\Windows\WinSxS\amd64_microsoft.windows.common-controls_6595b64144ccf1df_6.0.17134.345_none_fb429a5930656358\COMCTL32.dll
0x00007ffc37fd0000 - 0x00007ffc37fda000 	C:\Windows\SYSTEM32\VERSION.dll
0x00007ffc412c0000 - 0x00007ffc415e3000 	C:\Windows\System32\combase.dll
0x00007ffc405d0000 - 0x00007ffc4064a000 	C:\Windows\System32\bcryptPrimitives.dll
0x00007ffc41980000 - 0x00007ffc419ad000 	C:\Windows\System32\IMM32.DLL
0x00007ffc07e00000 - 0x00007ffc07eef000 	C:\Program Files\Java\jdk-10.0.2\bin\msvcr120.dll
0x00007ffc0b160000 - 0x00007ffc0b206000 	C:\Program Files\Java\jdk-10.0.2\bin\msvcp120.dll
0x000000006a4a0000 - 0x000000006af10000 	C:\Program Files\Java\jdk-10.0.2\bin\server\jvm.dll
0x00007ffc412a0000 - 0x00007ffc412a8000 	C:\Windows\System32\PSAPI.DLL
0x00007ffc3b460000 - 0x00007ffc3b483000 	C:\Windows\SYSTEM32\WINMM.dll
0x00007ffc2e3b0000 - 0x00007ffc2e3b9000 	C:\Windows\SYSTEM32\WSOCK32.dll
0x00007ffc423e0000 - 0x00007ffc4244c000 	C:\Windows\System32\WS2_32.dll
0x00007ffc3b3f0000 - 0x00007ffc3b41a000 	C:\Windows\SYSTEM32\WINMMBASE.dll
0x00007ffc408f0000 - 0x00007ffc40939000 	C:\Windows\System32\cfgmgr32.dll
0x00007ffc349c0000 - 0x00007ffc349cf000 	C:\Program Files\Java\jdk-10.0.2\bin\verify.dll
0x00007ffc3e990000 - 0x00007ffc3eb59000 	C:\Windows\SYSTEM32\DBGHELP.DLL
0x00007ffc2ca40000 - 0x00007ffc2ca69000 	C:\Windows\SYSTEM32\dbgcore.DLL
0x00007ffc22ea0000 - 0x00007ffc22ec7000 	C:\Program Files\Java\jdk-10.0.2\bin\java.dll
0x00007ffc0f320000 - 0x00007ffc0f356000 	C:\Program Files\Java\jdk-10.0.2\bin\jdwp.dll
0x00007ffc19d80000 - 0x00007ffc19daa000 	C:\Program Files\Java\jdk-10.0.2\bin\instrument.dll
0x00007ffc32890000 - 0x00007ffc328a6000 	C:\Program Files\Java\jdk-10.0.2\bin\zip.dll
0x00007ffc349b0000 - 0x00007ffc349ba000 	C:\Program Files\Java\jdk-10.0.2\bin\jimage.dll
0x00007ffc42750000 - 0x00007ffc43b8f000 	C:\Windows\System32\SHELL32.dll
0x00007ffc41b50000 - 0x00007ffc41bf9000 	C:\Windows\System32\shcore.dll
0x00007ffc40960000 - 0x00007ffc4106d000 	C:\Windows\System32\windows.storage.dll
0x00007ffc424f0000 - 0x00007ffc42541000 	C:\Windows\System32\shlwapi.dll
0x00007ffc40010000 - 0x00007ffc40021000 	C:\Windows\System32\kernel.appcore.dll
0x00007ffc40030000 - 0x00007ffc4004f000 	C:\Windows\System32\profapi.dll
0x00007ffc3ff90000 - 0x00007ffc3ffdc000 	C:\Windows\System32\powrprof.dll
0x00007ffc40000000 - 0x00007ffc4000a000 	C:\Windows\System32\FLTLIB.DLL
0x00007ffc33e60000 - 0x00007ffc33e6a000 	C:\Program Files\Java\jdk-10.0.2\bin\dt_socket.dll
0x00007ffc3f810000 - 0x00007ffc3f876000 	C:\Windows\system32\mswsock.dll
0x00007ffc2feb0000 - 0x00007ffc2feca000 	C:\Program Files\Java\jdk-10.0.2\bin\net.dll
0x00007ffc39970000 - 0x00007ffc39a4c000 	C:\Windows\SYSTEM32\WINHTTP.dll
0x00007ffc22e80000 - 0x00007ffc22e91000 	C:\Program Files\Java\jdk-10.0.2\bin\nio.dll

dbghelp: loaded successfully - version: 4.0.5 - missing functions: none
symbol engine: initialized successfully - sym options: 0x614 - pdb path: .;C:\Program Files\Java\jdk-10.0.2\bin;C:\Windows\SYSTEM32;C:\Windows\WinSxS\amd64_microsoft.windows.common-controls_6595b64144ccf1df_6.0.17134.345_none_fb429a5930656358;C:\Program Files\Java\jdk-10.0.2\bin\server

VM Arguments:
jvm_args: -agentlib:jdwp=transport=dt_socket,address=127.0.0.1:56517,suspend=y,server=n -javaagent:C:\Users\vinze\.IntelliJIdea2018.2\system\captureAgent\debugger-agent.jar=file:/C:/Users/vinze/AppData/Local/Temp/capture.props -Dfile.encoding=UTF-8 
java_command: at.spengergasse.hbgm.App
java_class_path (initial): C:\Users\vinze\Dropbox\VinzSchule\Spengergasse\2018_2019\MGIN\dicom_viewer\dicom_viewer\target\classes;C:\Users\vinze\.m2\repository\dcm4che\dcm4che-core\2.0.26\dcm4che-core-2.0.26.jar;C:\Users\vinze\.m2\repository\dcm4che\dcm4che-net\2.0.26\dcm4che-net-2.0.26.jar;C:\Users\vinze\.m2\repository\dcm4che\tool\dcm4che-tool-dcmqr\2.0.21\dcm4che-tool-dcmqr-2.0.21.jar;C:\Users\vinze\.m2\repository\commons-cli\commons-cli\1.2\commons-cli-1.2.jar;C:\Users\vinze\.m2\repository\org\slf4j\slf4j-api\1.6.1\slf4j-api-1.6.1.jar;C:\Users\vinze\.m2\repository\org\slf4j\slf4j-nop\1.6.1\slf4j-nop-1.6.1.jar;C:\Users\vinze\.m2\repository\mysql\mysql-connector-java\5.1.43\mysql-connector-java-5.1.43.jar;C:\Users\vinze\.m2\repository\org\xerial\sqlite-jdbc\3.23.1\sqlite-jdbc-3.23.1.jar;C:\Users\vinze\.m2\repository\org\eclipse\persistence\eclipselink\2.5.0\eclipselink-2.5.0.jar;C:\Users\vinze\.m2\repository\org\eclipse\persistence\javax.persistence\2.1.0\javax.persistence-2.1.0.jar;C:\Users\vinze\.m2\repository\org\eclipse\persistence\commonj.sdo\2.1.1\commonj.sdo-2.1.1.jar;C:\Program Files\JetBrains\IntelliJ IDEA 2018.2.3\lib\idea_rt.jar
Launcher Type: SUN_STANDARD

Logging:
Log output configuration:
#0: stdout all=warning uptime,level,tags
#1: stderr all=off uptime,level,tags

Environment Variables:
PATH=C:\Program Files (x86)\Common Files\Oracle\Java\javapath;C:\Windows\system32;C:\Windows;C:\Windows\System32\Wbem;C:\Windows\System32\WindowsPowerShell\v1.0\;C:\Windows\System32\OpenSSH\;C:\Program Files\dotnet\;C:\Program Files\Microsoft SQL Server\130\Tools\Binn\;C:\Users\vinze\AppData\Local\Microsoft\WindowsApps;
USERNAME=vinze
OS=Windows_NT
PROCESSOR_IDENTIFIER=Intel64 Family 6 Model 94 Stepping 3, GenuineIntel



---------------  S Y S T E M  ---------------

OS: Windows 10 , 64 bit Build 17134 (10.0.17134.1)

CPU:total 8 (initial active 8) (4 cores per cpu, 2 threads per core) family 6 model 94 stepping 3, cmov, cx8, fxsr, mmx, sse, sse2, sse3, ssse3, sse4.1, sse4.2, popcnt, avx, avx2, aes, clmul, erms, rtm, 3dnowpref, lzcnt, ht, tsc, tscinvbit, bmi1, bmi2, adx, fma

Memory: 4k page, physical 16664352k(9438568k free), swap 19154720k(10059304k free)

vm_info: Java HotSpot(TM) 64-Bit Server VM (10.0.2+13) for windows-amd64 JRE (10.0.2+13), built on Jun 28 2018 01:57:56 by "mach5one" with MS VC++ 12.0 (VS2013)

END.
